[2025-12-04 22:52:20] [INFO] ==========================================
[2025-12-04 22:52:20] [INFO] ?? НАЧАЛО ЦИКЛА СКРЕЙПИНГА
[2025-12-04 22:52:20] [INFO] ==========================================
[2025-12-04 22:52:20] [INFO] [1/3] Скрейп HH.ru...
[2025-12-04 22:52:20] [INFO] ?? HH скрейпер запущен
[2025-12-04 22:52:20] [INFO]   Ищу: python developer
[2025-12-04 22:52:20] [ERROR]     ? Ошибка: {"errors":[{"type":"forbidden"}],"request_id":"176487793930422b70ad966e5eae0024"}
[2025-12-04 22:52:21] [INFO]   Ищу: frontend react
[2025-12-04 22:52:21] [ERROR]     ? Ошибка: {"errors":[{"type":"forbidden"}],"request_id":"1764877940453706ddf8b0b3d9ea1026"}
[2025-12-04 22:52:22] [INFO]   Ищу: старший разработчик
[2025-12-04 22:52:22] [ERROR]     ? Ошибка: {"errors":[{"type":"forbidden"}],"request_id":"1764877941524a0f18104cbd8be3b025"}
[2025-12-04 22:52:23] [INFO] ? HH: 0 резюме
[2025-12-04 22:52:23] [INFO] [2/3] Скрейп GitHub...
[2025-12-04 22:52:23] [INFO] ?? GitHub скрейпер запущен
[2025-12-04 22:52:23] [ERROR]   ? GitHub token не установлен
[2025-12-04 22:52:23] [INFO] ? GitHub: 0 профилей
[2025-12-04 22:52:23] [INFO] [3/3] Скрейп Habr...
[2025-12-04 22:52:23] [INFO] ?? Habr скрейпер (заглушка)
[2025-12-04 22:52:23] [INFO] ? Habr: 0 профилей
[2025-12-04 22:52:23] [INFO] ? Всего собрано: 0 кандидатов
[2025-12-04 22:52:23] [INFO] ?? Данные сохранены: C:\recruitment-ai\backups\resumes_2025-12-04_225223.json
[2025-12-04 22:52:23] [INFO] ==========================================
[2025-12-04 22:52:23] [INFO] ? ЦИКЛ СКРЕЙПИНГА ЗАВЕРШЁН
[2025-12-04 22:52:23] [INFO] ==========================================
[2025-12-04 22:54:12] [INFO] ==========================================
[2025-12-04 22:54:12] [INFO] ?? НАЧАЛО ЦИКЛА СКРЕЙПИНГА
[2025-12-04 22:54:12] [INFO] ==========================================
[2025-12-04 22:54:12] [INFO] [1/3] Скрейп HH.ru...
[2025-12-04 22:54:12] [INFO] ?? HH скрейпер запущен
[2025-12-04 22:54:12] [INFO]   Ищу: python developer
[2025-12-04 22:54:12] [ERROR]     ? Ошибка: {"errors":[{"type":"forbidden"}],"request_id":"1764878051345b7d82f1205bfd5ff029"}
[2025-12-04 22:54:13] [INFO]   Ищу: frontend react
[2025-12-04 22:54:13] [ERROR]     ? Ошибка: {"errors":[{"type":"forbidden"}],"request_id":"1764878052392e14afc156ebe817b028"}
[2025-12-04 22:54:14] [INFO]   Ищу: старший разработчик
[2025-12-04 22:54:14] [ERROR]     ? Ошибка: {"errors":[{"type":"forbidden"}],"request_id":"17648780534609926b3ac0cf4b52b025"}
[2025-12-04 22:54:15] [INFO] ? HH: 0 резюме
[2025-12-04 22:54:15] [INFO] [2/3] Скрейп GitHub...
[2025-12-04 22:54:15] [INFO] ?? GitHub скрейпер запущен
[2025-12-04 22:54:15] [INFO]   Ищу: language:python stars:>50
[2025-12-04 22:54:16] [ERROR]     ? Ошибка: Удаленный сервер возвратил ошибку: (401) Несанкционированный.
[2025-12-04 22:54:18] [INFO] ? GitHub: 0 профилей
[2025-12-04 22:54:18] [INFO] [3/3] Скрейп Habr...
[2025-12-04 22:54:18] [INFO] ?? Habr скрейпер (заглушка)
[2025-12-04 22:54:18] [INFO] ? Habr: 0 профилей
[2025-12-04 22:54:18] [INFO] ? Всего собрано: 0 кандидатов
[2025-12-04 22:54:18] [INFO] ?? Данные сохранены: C:\recruitment-ai\backups\resumes_2025-12-04_225418.json
[2025-12-04 22:54:18] [INFO] ==========================================
[2025-12-04 22:54:18] [INFO] ? ЦИКЛ СКРЕЙПИНГА ЗАВЕРШЁН
[2025-12-04 22:54:18] [INFO] ==========================================
[2025-12-04 22:56:00] [INFO] ==========================================
[2025-12-04 22:56:00] [INFO] ?? НАЧАЛО ЦИКЛА СКРЕЙПИНГА
[2025-12-04 22:56:00] [INFO] ==========================================
[2025-12-04 22:56:00] [INFO] [1/3] Скрейп HH.ru...
[2025-12-04 22:56:00] [INFO] ?? HH скрейпер запущен
[2025-12-04 22:56:00] [INFO]   Ищу: python developer
[2025-12-04 22:56:01] [ERROR]     ? Ошибка: {"errors":[{"type":"forbidden"}],"request_id":"1764878159908d102f467986f5d3f029"}
[2025-12-04 22:56:02] [INFO]   Ищу: frontend react
[2025-12-04 22:56:02] [ERROR]     ? Ошибка: {"errors":[{"type":"forbidden"}],"request_id":"17648781609650296212539551817023"}
[2025-12-04 22:56:03] [INFO]   Ищу: старший разработчик
[2025-12-04 22:56:03] [ERROR]     ? Ошибка: {"errors":[{"type":"forbidden"}],"request_id":"17648781620245e8b8a778e6264d1029"}
[2025-12-04 22:56:04] [INFO] ? HH: 0 резюме
[2025-12-04 22:56:04] [INFO] [2/3] Скрейп GitHub...
[2025-12-04 22:56:04] [INFO] ?? GitHub скрейпер запущен
[2025-12-04 22:56:04] [INFO]   Ищу: language:python stars:>50
[2025-12-04 22:56:04] [ERROR]     ? Ошибка: Удаленный сервер возвратил ошибку: (401) Несанкционированный.
[2025-12-04 22:56:06] [INFO] ? GitHub: 0 профилей
[2025-12-04 22:56:06] [INFO] [3/3] Скрейп Habr...
[2025-12-04 22:56:06] [INFO] ?? Habr скрейпер (заглушка)
[2025-12-04 22:56:06] [INFO] ? Habr: 0 профилей
[2025-12-04 22:56:06] [INFO] ? Всего собрано: 0 кандидатов
[2025-12-04 22:56:06] [INFO] ?? Данные сохранены: C:\recruitment-ai\backups\resumes_2025-12-04_225606.json
[2025-12-04 22:56:06] [INFO] ==========================================
[2025-12-04 22:56:06] [INFO] ? ЦИКЛ СКРЕЙПИНГА ЗАВЕРШЁН
[2025-12-04 22:56:06] [INFO] ==========================================
[2025-12-04 22:58:29] [INFO] ?? Нет данных для сохранения
[2025-12-04 23:02:34] [INFO] ==========================================
[2025-12-04 23:02:34] [Рђ
Write-Log ==========================================

# GitHub
Write-Log [1/2]] рџљЂ РќРђР§РђР›Рћ Р¦РРљР›Рђ РЎРљР Р•Р™РџРРќР
[2025-12-04 23:05:45] [INFO] START
[2025-12-04 23:05:45] [INFO] ERROR: Удаленный сервер возвратил ошибку: (401) Несанкционированный.
[2025-12-04 23:05:45] [INFO] END
